<?xml version="1.0" encoding="UTF-8"?>
<testsuite xmlns:xsi="http://www.w3.org/2001/XMLSchema-instance" xsi:noNamespaceSchemaLocation="https://maven.apache.org/surefire/maven-surefire-plugin/xsd/surefire-test-report-3.0.xsd" version="3.0" name="bank.RunCucumberTest" time="4.189" tests="11" errors="0" skipped="0" failures="0">
  <properties>
    <property name="sun.desktop" value="windows"/>
    <property name="awt.toolkit" value="sun.awt.windows.WToolkit"/>
    <property name="java.specification.version" value="11"/>
    <property name="sun.cpu.isalist" value="amd64"/>
    <property name="sun.jnu.encoding" value="Cp1252"/>
    <property name="java.class.path" value="C:\Users\617404611\OneDrive - BT Plc\Desktop\My Learnings\Gherkin\bank\bank\target\test-classes;C:\Users\617404611\OneDrive - BT Plc\Desktop\My Learnings\Gherkin\bank\bank\target\classes;C:\Users\617404611\.m2\repository\io\cucumber\cucumber-java\7.12.1\cucumber-java-7.12.1.jar;C:\Users\617404611\.m2\repository\io\cucumber\cucumber-core\7.12.1\cucumber-core-7.12.1.jar;C:\Users\617404611\.m2\repository\io\cucumber\cucumber-gherkin\7.12.1\cucumber-gherkin-7.12.1.jar;C:\Users\617404611\.m2\repository\io\cucumber\cucumber-gherkin-messages\7.12.1\cucumber-gherkin-messages-7.12.1.jar;C:\Users\617404611\.m2\repository\io\cucumber\gherkin\26.2.0\gherkin-26.2.0.jar;C:\Users\617404611\.m2\repository\io\cucumber\messages\22.0.0\messages-22.0.0.jar;C:\Users\617404611\.m2\repository\io\cucumber\tag-expressions\5.0.1\tag-expressions-5.0.1.jar;C:\Users\617404611\.m2\repository\io\cucumber\cucumber-expressions\16.1.2\cucumber-expressions-16.1.2.jar;C:\Users\617404611\.m2\repository\io\cucumber\datatable\7.12.1\datatable-7.12.1.jar;C:\Users\617404611\.m2\repository\io\cucumber\cucumber-plugin\7.12.1\cucumber-plugin-7.12.1.jar;C:\Users\617404611\.m2\repository\io\cucumber\docstring\7.12.1\docstring-7.12.1.jar;C:\Users\617404611\.m2\repository\io\cucumber\html-formatter\20.3.1\html-formatter-20.3.1.jar;C:\Users\617404611\.m2\repository\io\cucumber\junit-xml-formatter\0.2.0\junit-xml-formatter-0.2.0.jar;C:\Users\617404611\.m2\repository\io\cucumber\ci-environment\9.2.0\ci-environment-9.2.0.jar;C:\Users\617404611\.m2\repository\org\apiguardian\apiguardian-api\1.1.2\apiguardian-api-1.1.2.jar;C:\Users\617404611\.m2\repository\io\cucumber\cucumber-junit-platform-engine\7.18.1\cucumber-junit-platform-engine-7.18.1.jar;C:\Users\617404611\.m2\repository\org\junit\platform\junit-platform-engine\1.9.3\junit-platform-engine-1.9.3.jar;C:\Users\617404611\.m2\repository\org\opentest4j\opentest4j\1.2.0\opentest4j-1.2.0.jar;C:\Users\617404611\.m2\repository\org\junit\platform\junit-platform-commons\1.9.3\junit-platform-commons-1.9.3.jar;C:\Users\617404611\.m2\repository\io\cucumber\cucumber-junit\7.18.1\cucumber-junit-7.18.1.jar;C:\Users\617404611\.m2\repository\org\junit\platform\junit-platform-suite\1.9.3\junit-platform-suite-1.9.3.jar;C:\Users\617404611\.m2\repository\org\junit\platform\junit-platform-suite-api\1.9.3\junit-platform-suite-api-1.9.3.jar;C:\Users\617404611\.m2\repository\org\junit\platform\junit-platform-suite-engine\1.9.3\junit-platform-suite-engine-1.9.3.jar;C:\Users\617404611\.m2\repository\org\junit\platform\junit-platform-suite-commons\1.9.3\junit-platform-suite-commons-1.9.3.jar;C:\Users\617404611\.m2\repository\org\junit\platform\junit-platform-launcher\1.9.3\junit-platform-launcher-1.9.3.jar;C:\Users\617404611\.m2\repository\org\junit\jupiter\junit-jupiter\5.9.3\junit-jupiter-5.9.3.jar;C:\Users\617404611\.m2\repository\org\junit\jupiter\junit-jupiter-api\5.9.3\junit-jupiter-api-5.9.3.jar;C:\Users\617404611\.m2\repository\org\junit\jupiter\junit-jupiter-params\5.9.3\junit-jupiter-params-5.9.3.jar;C:\Users\617404611\.m2\repository\org\junit\jupiter\junit-jupiter-engine\5.9.3\junit-jupiter-engine-5.9.3.jar;C:\Users\617404611\.m2\repository\junit\junit\4.13.1\junit-4.13.1.jar;C:\Users\617404611\.m2\repository\org\hamcrest\hamcrest-core\1.3\hamcrest-core-1.3.jar;C:\Users\617404611\.m2\repository\info\cukes\cucumber-core\1.2.5\cucumber-core-1.2.5.jar;C:\Users\617404611\.m2\repository\info\cukes\cucumber-html\0.2.3\cucumber-html-0.2.3.jar;C:\Users\617404611\.m2\repository\info\cukes\cucumber-jvm-deps\1.0.5\cucumber-jvm-deps-1.0.5.jar;C:\Users\617404611\.m2\repository\info\cukes\gherkin\2.12.2\gherkin-2.12.2.jar;C:\Users\617404611\.m2\repository\org\seleniumhq\selenium\selenium-java\4.23.1\selenium-java-4.23.1.jar;C:\Users\617404611\.m2\repository\org\seleniumhq\selenium\selenium-api\4.23.1\selenium-api-4.23.1.jar;C:\Users\617404611\.m2\repository\org\seleniumhq\selenium\selenium-chrome-driver\4.23.1\selenium-chrome-driver-4.23.1.jar;C:\Users\617404611\.m2\repository\com\google\auto\service\auto-service-annotations\1.1.1\auto-service-annotations-1.1.1.jar;C:\Users\617404611\.m2\repository\org\seleniumhq\selenium\selenium-chromium-driver\4.23.1\selenium-chromium-driver-4.23.1.jar;C:\Users\617404611\.m2\repository\org\seleniumhq\selenium\selenium-json\4.23.1\selenium-json-4.23.1.jar;C:\Users\617404611\.m2\repository\org\seleniumhq\selenium\selenium-manager\4.23.1\selenium-manager-4.23.1.jar;C:\Users\617404611\.m2\repository\org\seleniumhq\selenium\selenium-devtools-v125\4.23.1\selenium-devtools-v125-4.23.1.jar;C:\Users\617404611\.m2\repository\org\seleniumhq\selenium\selenium-devtools-v126\4.23.1\selenium-devtools-v126-4.23.1.jar;C:\Users\617404611\.m2\repository\org\seleniumhq\selenium\selenium-devtools-v127\4.23.1\selenium-devtools-v127-4.23.1.jar;C:\Users\617404611\.m2\repository\org\seleniumhq\selenium\selenium-devtools-v85\4.23.1\selenium-devtools-v85-4.23.1.jar;C:\Users\617404611\.m2\repository\org\seleniumhq\selenium\selenium-edge-driver\4.23.1\selenium-edge-driver-4.23.1.jar;C:\Users\617404611\.m2\repository\org\seleniumhq\selenium\selenium-firefox-driver\4.23.1\selenium-firefox-driver-4.23.1.jar;C:\Users\617404611\.m2\repository\org\seleniumhq\selenium\selenium-http\4.23.1\selenium-http-4.23.1.jar;C:\Users\617404611\.m2\repository\dev\failsafe\failsafe\3.3.2\failsafe-3.3.2.jar;C:\Users\617404611\.m2\repository\org\seleniumhq\selenium\selenium-ie-driver\4.23.1\selenium-ie-driver-4.23.1.jar;C:\Users\617404611\.m2\repository\org\seleniumhq\selenium\selenium-remote-driver\4.23.1\selenium-remote-driver-4.23.1.jar;C:\Users\617404611\.m2\repository\com\google\guava\guava\33.2.1-jre\guava-33.2.1-jre.jar;C:\Users\617404611\.m2\repository\com\google\guava\failureaccess\1.0.2\failureaccess-1.0.2.jar;C:\Users\617404611\.m2\repository\com\google\guava\listenablefuture\9999.0-empty-to-avoid-conflict-with-guava\listenablefuture-9999.0-empty-to-avoid-conflict-with-guava.jar;C:\Users\617404611\.m2\repository\com\google\code\findbugs\jsr305\3.0.2\jsr305-3.0.2.jar;C:\Users\617404611\.m2\repository\org\checkerframework\checker-qual\3.42.0\checker-qual-3.42.0.jar;C:\Users\617404611\.m2\repository\com\google\errorprone\error_prone_annotations\2.26.1\error_prone_annotations-2.26.1.jar;C:\Users\617404611\.m2\repository\com\google\j2objc\j2objc-annotations\3.0.0\j2objc-annotations-3.0.0.jar;C:\Users\617404611\.m2\repository\io\opentelemetry\semconv\opentelemetry-semconv\1.25.0-alpha\opentelemetry-semconv-1.25.0-alpha.jar;C:\Users\617404611\.m2\repository\io\opentelemetry\opentelemetry-api\1.40.0\opentelemetry-api-1.40.0.jar;C:\Users\617404611\.m2\repository\io\opentelemetry\opentelemetry-context\1.40.0\opentelemetry-context-1.40.0.jar;C:\Users\617404611\.m2\repository\io\opentelemetry\opentelemetry-exporter-logging\1.40.0\opentelemetry-exporter-logging-1.40.0.jar;C:\Users\617404611\.m2\repository\io\opentelemetry\opentelemetry-sdk-common\1.40.0\opentelemetry-sdk-common-1.40.0.jar;C:\Users\617404611\.m2\repository\io\opentelemetry\opentelemetry-sdk-extension-autoconfigure-spi\1.40.0\opentelemetry-sdk-extension-autoconfigure-spi-1.40.0.jar;C:\Users\617404611\.m2\repository\io\opentelemetry\opentelemetry-sdk-extension-autoconfigure\1.40.0\opentelemetry-sdk-extension-autoconfigure-1.40.0.jar;C:\Users\617404611\.m2\repository\io\opentelemetry\opentelemetry-api-incubator\1.40.0-alpha\opentelemetry-api-incubator-1.40.0-alpha.jar;C:\Users\617404611\.m2\repository\io\opentelemetry\opentelemetry-sdk-trace\1.40.0\opentelemetry-sdk-trace-1.40.0.jar;C:\Users\617404611\.m2\repository\io\opentelemetry\opentelemetry-sdk\1.40.0\opentelemetry-sdk-1.40.0.jar;C:\Users\617404611\.m2\repository\io\opentelemetry\opentelemetry-sdk-metrics\1.40.0\opentelemetry-sdk-metrics-1.40.0.jar;C:\Users\617404611\.m2\repository\io\opentelemetry\opentelemetry-sdk-logs\1.40.0\opentelemetry-sdk-logs-1.40.0.jar;C:\Users\617404611\.m2\repository\net\bytebuddy\byte-buddy\1.14.18\byte-buddy-1.14.18.jar;C:\Users\617404611\.m2\repository\org\seleniumhq\selenium\selenium-os\4.23.1\selenium-os-4.23.1.jar;C:\Users\617404611\.m2\repository\org\apache\commons\commons-exec\1.4.0\commons-exec-1.4.0.jar;C:\Users\617404611\.m2\repository\org\seleniumhq\selenium\selenium-safari-driver\4.23.1\selenium-safari-driver-4.23.1.jar;C:\Users\617404611\.m2\repository\org\seleniumhq\selenium\selenium-support\4.23.1\selenium-support-4.23.1.jar;"/>
    <property name="java.vm.vendor" value="Oracle Corporation"/>
    <property name="sun.arch.data.model" value="64"/>
    <property name="user.variant" value=""/>
    <property name="java.vendor.url" value="https://openjdk.java.net/"/>
    <property name="user.timezone" value="Asia/Calcutta"/>
    <property name="java.vm.specification.version" value="11"/>
    <property name="os.name" value="Windows 11"/>
    <property name="sun.java.launcher" value="SUN_STANDARD"/>
    <property name="user.country" value="IN"/>
    <property name="sun.boot.library.path" value="C:\Program Files\Java\jdk-11\bin"/>
    <property name="sun.java.command" value="C:\Users\617404611\AppData\Local\Temp\surefire12463156734308831813\surefirebooter-20240816115103288_3.jar C:\Users\617404611\AppData\Local\Temp\surefire12463156734308831813 2024-08-16T11-51-02_659-jvmRun1 surefire-20240816115103288_1tmp surefire_0-20240816115103288_2tmp"/>
    <property name="jdk.debug" value="release"/>
    <property name="surefire.test.class.path" value="C:\Users\617404611\OneDrive - BT Plc\Desktop\My Learnings\Gherkin\bank\bank\target\test-classes;C:\Users\617404611\OneDrive - BT Plc\Desktop\My Learnings\Gherkin\bank\bank\target\classes;C:\Users\617404611\.m2\repository\io\cucumber\cucumber-java\7.12.1\cucumber-java-7.12.1.jar;C:\Users\617404611\.m2\repository\io\cucumber\cucumber-core\7.12.1\cucumber-core-7.12.1.jar;C:\Users\617404611\.m2\repository\io\cucumber\cucumber-gherkin\7.12.1\cucumber-gherkin-7.12.1.jar;C:\Users\617404611\.m2\repository\io\cucumber\cucumber-gherkin-messages\7.12.1\cucumber-gherkin-messages-7.12.1.jar;C:\Users\617404611\.m2\repository\io\cucumber\gherkin\26.2.0\gherkin-26.2.0.jar;C:\Users\617404611\.m2\repository\io\cucumber\messages\22.0.0\messages-22.0.0.jar;C:\Users\617404611\.m2\repository\io\cucumber\tag-expressions\5.0.1\tag-expressions-5.0.1.jar;C:\Users\617404611\.m2\repository\io\cucumber\cucumber-expressions\16.1.2\cucumber-expressions-16.1.2.jar;C:\Users\617404611\.m2\repository\io\cucumber\datatable\7.12.1\datatable-7.12.1.jar;C:\Users\617404611\.m2\repository\io\cucumber\cucumber-plugin\7.12.1\cucumber-plugin-7.12.1.jar;C:\Users\617404611\.m2\repository\io\cucumber\docstring\7.12.1\docstring-7.12.1.jar;C:\Users\617404611\.m2\repository\io\cucumber\html-formatter\20.3.1\html-formatter-20.3.1.jar;C:\Users\617404611\.m2\repository\io\cucumber\junit-xml-formatter\0.2.0\junit-xml-formatter-0.2.0.jar;C:\Users\617404611\.m2\repository\io\cucumber\ci-environment\9.2.0\ci-environment-9.2.0.jar;C:\Users\617404611\.m2\repository\org\apiguardian\apiguardian-api\1.1.2\apiguardian-api-1.1.2.jar;C:\Users\617404611\.m2\repository\io\cucumber\cucumber-junit-platform-engine\7.18.1\cucumber-junit-platform-engine-7.18.1.jar;C:\Users\617404611\.m2\repository\org\junit\platform\junit-platform-engine\1.9.3\junit-platform-engine-1.9.3.jar;C:\Users\617404611\.m2\repository\org\opentest4j\opentest4j\1.2.0\opentest4j-1.2.0.jar;C:\Users\617404611\.m2\repository\org\junit\platform\junit-platform-commons\1.9.3\junit-platform-commons-1.9.3.jar;C:\Users\617404611\.m2\repository\io\cucumber\cucumber-junit\7.18.1\cucumber-junit-7.18.1.jar;C:\Users\617404611\.m2\repository\org\junit\platform\junit-platform-suite\1.9.3\junit-platform-suite-1.9.3.jar;C:\Users\617404611\.m2\repository\org\junit\platform\junit-platform-suite-api\1.9.3\junit-platform-suite-api-1.9.3.jar;C:\Users\617404611\.m2\repository\org\junit\platform\junit-platform-suite-engine\1.9.3\junit-platform-suite-engine-1.9.3.jar;C:\Users\617404611\.m2\repository\org\junit\platform\junit-platform-suite-commons\1.9.3\junit-platform-suite-commons-1.9.3.jar;C:\Users\617404611\.m2\repository\org\junit\platform\junit-platform-launcher\1.9.3\junit-platform-launcher-1.9.3.jar;C:\Users\617404611\.m2\repository\org\junit\jupiter\junit-jupiter\5.9.3\junit-jupiter-5.9.3.jar;C:\Users\617404611\.m2\repository\org\junit\jupiter\junit-jupiter-api\5.9.3\junit-jupiter-api-5.9.3.jar;C:\Users\617404611\.m2\repository\org\junit\jupiter\junit-jupiter-params\5.9.3\junit-jupiter-params-5.9.3.jar;C:\Users\617404611\.m2\repository\org\junit\jupiter\junit-jupiter-engine\5.9.3\junit-jupiter-engine-5.9.3.jar;C:\Users\617404611\.m2\repository\junit\junit\4.13.1\junit-4.13.1.jar;C:\Users\617404611\.m2\repository\org\hamcrest\hamcrest-core\1.3\hamcrest-core-1.3.jar;C:\Users\617404611\.m2\repository\info\cukes\cucumber-core\1.2.5\cucumber-core-1.2.5.jar;C:\Users\617404611\.m2\repository\info\cukes\cucumber-html\0.2.3\cucumber-html-0.2.3.jar;C:\Users\617404611\.m2\repository\info\cukes\cucumber-jvm-deps\1.0.5\cucumber-jvm-deps-1.0.5.jar;C:\Users\617404611\.m2\repository\info\cukes\gherkin\2.12.2\gherkin-2.12.2.jar;C:\Users\617404611\.m2\repository\org\seleniumhq\selenium\selenium-java\4.23.1\selenium-java-4.23.1.jar;C:\Users\617404611\.m2\repository\org\seleniumhq\selenium\selenium-api\4.23.1\selenium-api-4.23.1.jar;C:\Users\617404611\.m2\repository\org\seleniumhq\selenium\selenium-chrome-driver\4.23.1\selenium-chrome-driver-4.23.1.jar;C:\Users\617404611\.m2\repository\com\google\auto\service\auto-service-annotations\1.1.1\auto-service-annotations-1.1.1.jar;C:\Users\617404611\.m2\repository\org\seleniumhq\selenium\selenium-chromium-driver\4.23.1\selenium-chromium-driver-4.23.1.jar;C:\Users\617404611\.m2\repository\org\seleniumhq\selenium\selenium-json\4.23.1\selenium-json-4.23.1.jar;C:\Users\617404611\.m2\repository\org\seleniumhq\selenium\selenium-manager\4.23.1\selenium-manager-4.23.1.jar;C:\Users\617404611\.m2\repository\org\seleniumhq\selenium\selenium-devtools-v125\4.23.1\selenium-devtools-v125-4.23.1.jar;C:\Users\617404611\.m2\repository\org\seleniumhq\selenium\selenium-devtools-v126\4.23.1\selenium-devtools-v126-4.23.1.jar;C:\Users\617404611\.m2\repository\org\seleniumhq\selenium\selenium-devtools-v127\4.23.1\selenium-devtools-v127-4.23.1.jar;C:\Users\617404611\.m2\repository\org\seleniumhq\selenium\selenium-devtools-v85\4.23.1\selenium-devtools-v85-4.23.1.jar;C:\Users\617404611\.m2\repository\org\seleniumhq\selenium\selenium-edge-driver\4.23.1\selenium-edge-driver-4.23.1.jar;C:\Users\617404611\.m2\repository\org\seleniumhq\selenium\selenium-firefox-driver\4.23.1\selenium-firefox-driver-4.23.1.jar;C:\Users\617404611\.m2\repository\org\seleniumhq\selenium\selenium-http\4.23.1\selenium-http-4.23.1.jar;C:\Users\617404611\.m2\repository\dev\failsafe\failsafe\3.3.2\failsafe-3.3.2.jar;C:\Users\617404611\.m2\repository\org\seleniumhq\selenium\selenium-ie-driver\4.23.1\selenium-ie-driver-4.23.1.jar;C:\Users\617404611\.m2\repository\org\seleniumhq\selenium\selenium-remote-driver\4.23.1\selenium-remote-driver-4.23.1.jar;C:\Users\617404611\.m2\repository\com\google\guava\guava\33.2.1-jre\guava-33.2.1-jre.jar;C:\Users\617404611\.m2\repository\com\google\guava\failureaccess\1.0.2\failureaccess-1.0.2.jar;C:\Users\617404611\.m2\repository\com\google\guava\listenablefuture\9999.0-empty-to-avoid-conflict-with-guava\listenablefuture-9999.0-empty-to-avoid-conflict-with-guava.jar;C:\Users\617404611\.m2\repository\com\google\code\findbugs\jsr305\3.0.2\jsr305-3.0.2.jar;C:\Users\617404611\.m2\repository\org\checkerframework\checker-qual\3.42.0\checker-qual-3.42.0.jar;C:\Users\617404611\.m2\repository\com\google\errorprone\error_prone_annotations\2.26.1\error_prone_annotations-2.26.1.jar;C:\Users\617404611\.m2\repository\com\google\j2objc\j2objc-annotations\3.0.0\j2objc-annotations-3.0.0.jar;C:\Users\617404611\.m2\repository\io\opentelemetry\semconv\opentelemetry-semconv\1.25.0-alpha\opentelemetry-semconv-1.25.0-alpha.jar;C:\Users\617404611\.m2\repository\io\opentelemetry\opentelemetry-api\1.40.0\opentelemetry-api-1.40.0.jar;C:\Users\617404611\.m2\repository\io\opentelemetry\opentelemetry-context\1.40.0\opentelemetry-context-1.40.0.jar;C:\Users\617404611\.m2\repository\io\opentelemetry\opentelemetry-exporter-logging\1.40.0\opentelemetry-exporter-logging-1.40.0.jar;C:\Users\617404611\.m2\repository\io\opentelemetry\opentelemetry-sdk-common\1.40.0\opentelemetry-sdk-common-1.40.0.jar;C:\Users\617404611\.m2\repository\io\opentelemetry\opentelemetry-sdk-extension-autoconfigure-spi\1.40.0\opentelemetry-sdk-extension-autoconfigure-spi-1.40.0.jar;C:\Users\617404611\.m2\repository\io\opentelemetry\opentelemetry-sdk-extension-autoconfigure\1.40.0\opentelemetry-sdk-extension-autoconfigure-1.40.0.jar;C:\Users\617404611\.m2\repository\io\opentelemetry\opentelemetry-api-incubator\1.40.0-alpha\opentelemetry-api-incubator-1.40.0-alpha.jar;C:\Users\617404611\.m2\repository\io\opentelemetry\opentelemetry-sdk-trace\1.40.0\opentelemetry-sdk-trace-1.40.0.jar;C:\Users\617404611\.m2\repository\io\opentelemetry\opentelemetry-sdk\1.40.0\opentelemetry-sdk-1.40.0.jar;C:\Users\617404611\.m2\repository\io\opentelemetry\opentelemetry-sdk-metrics\1.40.0\opentelemetry-sdk-metrics-1.40.0.jar;C:\Users\617404611\.m2\repository\io\opentelemetry\opentelemetry-sdk-logs\1.40.0\opentelemetry-sdk-logs-1.40.0.jar;C:\Users\617404611\.m2\repository\net\bytebuddy\byte-buddy\1.14.18\byte-buddy-1.14.18.jar;C:\Users\617404611\.m2\repository\org\seleniumhq\selenium\selenium-os\4.23.1\selenium-os-4.23.1.jar;C:\Users\617404611\.m2\repository\org\apache\commons\commons-exec\1.4.0\commons-exec-1.4.0.jar;C:\Users\617404611\.m2\repository\org\seleniumhq\selenium\selenium-safari-driver\4.23.1\selenium-safari-driver-4.23.1.jar;C:\Users\617404611\.m2\repository\org\seleniumhq\selenium\selenium-support\4.23.1\selenium-support-4.23.1.jar;"/>
    <property name="sun.cpu.endian" value="little"/>
    <property name="user.home" value="C:\Users\617404611"/>
    <property name="user.language" value="en"/>
    <property name="java.specification.vendor" value="Oracle Corporation"/>
    <property name="java.version.date" value="2024-04-16"/>
    <property name="java.home" value="C:\Program Files\Java\jdk-11"/>
    <property name="file.separator" value="\"/>
    <property name="basedir" value="C:\Users\617404611\OneDrive - BT Plc\Desktop\My Learnings\Gherkin\bank\bank"/>
    <property name="java.vm.compressedOopsMode" value="Zero based"/>
    <property name="line.separator" value="&#10;"/>
    <property name="java.specification.name" value="Java Platform API Specification"/>
    <property name="java.vm.specification.vendor" value="Oracle Corporation"/>
    <property name="java.awt.graphicsenv" value="sun.awt.Win32GraphicsEnvironment"/>
    <property name="surefire.real.class.path" value="C:\Users\617404611\AppData\Local\Temp\surefire12463156734308831813\surefirebooter-20240816115103288_3.jar"/>
    <property name="user.script" value=""/>
    <property name="sun.management.compiler" value="HotSpot 64-Bit Tiered Compilers"/>
    <property name="java.runtime.version" value="11.0.23+7-LTS-222"/>
    <property name="user.name" value="617404611"/>
    <property name="path.separator" value=";"/>
    <property name="os.version" value="10.0"/>
    <property name="java.runtime.name" value="Java(TM) SE Runtime Environment"/>
    <property name="file.encoding" value="Cp1252"/>
    <property name="java.vm.name" value="Java HotSpot(TM) 64-Bit Server VM"/>
    <property name="java.vendor.version" value="18.9"/>
    <property name="localRepository" value="C:\Users\617404611\.m2\repository"/>
    <property name="java.vendor.url.bug" value="https://bugreport.java.com/bugreport/"/>
    <property name="java.io.tmpdir" value="C:\Users\617404~1\AppData\Local\Temp\"/>
    <property name="java.version" value="11.0.23"/>
    <property name="user.dir" value="C:\Users\617404611\OneDrive - BT Plc\Desktop\My Learnings\Gherkin\bank\bank"/>
    <property name="os.arch" value="amd64"/>
    <property name="java.vm.specification.name" value="Java Virtual Machine Specification"/>
    <property name="java.awt.printerjob" value="sun.awt.windows.WPrinterJob"/>
    <property name="sun.os.patch.level" value=""/>
    <property name="java.library.path" value="C:\Program Files\Java\jdk-11\bin;C:\Windows\Sun\Java\bin;C:\Windows\system32;C:\Windows;C:\Program Files\Common Files\Oracle\Java\javapath;C:\Windows\system32;C:\Windows;C:\Windows\System32\Wbem;C:\Windows\System32\WindowsPowerShell\v1.0\;C:\Windows\System32\OpenSSH\;C:\Program Files\ServiceNow\agent-client-collector\bin;C:\Program Files\ServiceNow\agent-client-collector\embedded\bin;C:\Program Files\dotnet\;C:\Program Files\Git\cmd;&quot;C:\Program Files\Java\jdk-11\bin;&quot;;C:\Users\617404611\Downloads\apache-maven-3.9.8\bin;%M2_HOME%\bin;C:\Users\617404611\AppData\Local\Programs\Python\Python311\Scripts\;C:\Users\617404611\AppData\Local\Programs\Python\Python311\;C:\Users\617404611\AppData\Local\Microsoft\WindowsApps;C:\Users\617404611\AppData\Local\Programs\Microsoft VS Code\bin;C:\Users\617404611\Downloads\apache-maven-3.9.8\bin;;C:\Program Files\JetBrains\IntelliJ IDEA 2024.2\bin;;C:\Program Files\JetBrains\IntelliJ IDEA Community Edition 2024.2\bin;;."/>
    <property name="java.vendor" value="Oracle Corporation"/>
    <property name="java.vm.info" value="mixed mode"/>
    <property name="java.vm.version" value="11.0.23+7-LTS-222"/>
    <property name="java.specification.maintenance.version" value="2"/>
    <property name="sun.io.unicode.encoding" value="UnicodeLittle"/>
    <property name="java.class.version" value="55.0"/>
  </properties>
  <testcase name="Example #1.1" classname="Examples" time="0.157">
    <system-out><![CDATA[
@balance_check @deposit @example @ex1
Scenario Outline: Checking Account Balance after Deposit &amp#27;[90m# bank/bank.feature:15&amp#27;[0m
  &amp#27;[32mGiven &amp#27;[0m&amp#27;[32mmy checking account has a balance of $&amp#27;[0m&amp#27;[32m&amp#27;[1m500&amp#27;[0m        &amp#27;[90m# bank.StepDefinitions.myCheckingAccountHasABalanceOf$(int)&amp#27;[0m
  &amp#27;[32mAnd &amp#27;[0m&amp#27;[32mI have recently made a deposit of $&amp#27;[0m&amp#27;[32m&amp#27;[1m100&amp#27;[0m             &amp#27;[90m# bank.StepDefinitions.iHaveRecentlyMadeADepositOf$(int)&amp#27;[0m
  &amp#27;[32mWhen &amp#27;[0m&amp#27;[32mI check my account balance&amp#27;[0m                        &amp#27;[90m# bank.StepDefinitions.iCheckMyAccountBalance()&amp#27;[0m
  &amp#27;[32mThen &amp#27;[0m&amp#27;[32mI should see $&amp#27;[0m&amp#27;[32m&amp#27;[1m600&amp#27;[0m&amp#27;[32m as the balance&amp#27;[0m                  &amp#27;[90m# bank.StepDefinitions.iShouldSee$AsTheBalance(int)&amp#27;[0m
  &amp#27;[32mBut &amp#27;[0m&amp#27;[32mthere is an overdraft fee of $&amp#27;[0m&amp#27;[32m&amp#27;[1m50&amp#27;[0m                   &amp#27;[90m# bank.StepDefinitions.thereIsAnOverdraftFeeOf$(int)&amp#27;[0m
  &amp#27;[32mAnd &amp#27;[0m&amp#27;[32mthe available balance should be $&amp#27;[0m&amp#27;[32m&amp#27;[1m550&amp#27;[0m               &amp#27;[90m# bank.StepDefinitions.theAvailableBalanceShouldBe$(int)&amp#27;[0m
]]></system-out>
  </testcase>
  <testcase name="Example #1.2" classname="Examples" time="0.043">
    <system-out><![CDATA[
@balance_check @deposit @example @ex1
Scenario Outline: Checking Account Balance after Deposit &amp#27;[90m# bank/bank.feature:16&amp#27;[0m
  &amp#27;[32mGiven &amp#27;[0m&amp#27;[32mmy checking account has a balance of $&amp#27;[0m&amp#27;[32m&amp#27;[1m5000&amp#27;[0m       &amp#27;[90m# bank.StepDefinitions.myCheckingAccountHasABalanceOf$(int)&amp#27;[0m
  &amp#27;[32mAnd &amp#27;[0m&amp#27;[32mI have recently made a deposit of $&amp#27;[0m&amp#27;[32m&amp#27;[1m1000&amp#27;[0m            &amp#27;[90m# bank.StepDefinitions.iHaveRecentlyMadeADepositOf$(int)&amp#27;[0m
  &amp#27;[32mWhen &amp#27;[0m&amp#27;[32mI check my account balance&amp#27;[0m                        &amp#27;[90m# bank.StepDefinitions.iCheckMyAccountBalance()&amp#27;[0m
  &amp#27;[32mThen &amp#27;[0m&amp#27;[32mI should see $&amp#27;[0m&amp#27;[32m&amp#27;[1m6000&amp#27;[0m&amp#27;[32m as the balance&amp#27;[0m                 &amp#27;[90m# bank.StepDefinitions.iShouldSee$AsTheBalance(int)&amp#27;[0m
  &amp#27;[32mBut &amp#27;[0m&amp#27;[32mthere is an overdraft fee of $&amp#27;[0m&amp#27;[32m&amp#27;[1m500&amp#27;[0m                  &amp#27;[90m# bank.StepDefinitions.thereIsAnOverdraftFeeOf$(int)&amp#27;[0m
  &amp#27;[32mAnd &amp#27;[0m&amp#27;[32mthe available balance should be $&amp#27;[0m&amp#27;[32m&amp#27;[1m5500&amp#27;[0m              &amp#27;[90m# bank.StepDefinitions.theAvailableBalanceShouldBe$(int)&amp#27;[0m
]]></system-out>
  </testcase>
  <testcase name="Example #1.3" classname="Examples" time="0.029">
    <system-out><![CDATA[
@balance_check @deposit @example @ex1
Scenario Outline: Checking Account Balance after Deposit &amp#27;[90m# bank/bank.feature:17&amp#27;[0m
  &amp#27;[32mGiven &amp#27;[0m&amp#27;[32mmy checking account has a balance of $&amp#27;[0m&amp#27;[32m&amp#27;[1m500&amp#27;[0m        &amp#27;[90m# bank.StepDefinitions.myCheckingAccountHasABalanceOf$(int)&amp#27;[0m
  &amp#27;[32mAnd &amp#27;[0m&amp#27;[32mI have recently made a deposit of $&amp#27;[0m&amp#27;[32m&amp#27;[1m100&amp#27;[0m             &amp#27;[90m# bank.StepDefinitions.iHaveRecentlyMadeADepositOf$(int)&amp#27;[0m
  &amp#27;[32mWhen &amp#27;[0m&amp#27;[32mI check my account balance&amp#27;[0m                        &amp#27;[90m# bank.StepDefinitions.iCheckMyAccountBalance()&amp#27;[0m
  &amp#27;[32mThen &amp#27;[0m&amp#27;[32mI should see $&amp#27;[0m&amp#27;[32m&amp#27;[1m600&amp#27;[0m&amp#27;[32m as the balance&amp#27;[0m                  &amp#27;[90m# bank.StepDefinitions.iShouldSee$AsTheBalance(int)&amp#27;[0m
  &amp#27;[32mBut &amp#27;[0m&amp#27;[32mthere is an overdraft fee of $&amp#27;[0m&amp#27;[32m&amp#27;[1m50&amp#27;[0m                   &amp#27;[90m# bank.StepDefinitions.thereIsAnOverdraftFeeOf$(int)&amp#27;[0m
  &amp#27;[32mAnd &amp#27;[0m&amp#27;[32mthe available balance should be $&amp#27;[0m&amp#27;[32m&amp#27;[1m550&amp#27;[0m               &amp#27;[90m# bank.StepDefinitions.theAvailableBalanceShouldBe$(int)&amp#27;[0m
]]></system-out>
  </testcase>
  <testcase name="Example #1.4" classname="Examples" time="0.022">
    <system-out><![CDATA[
@balance_check @deposit @example @ex1
Scenario Outline: Checking Account Balance after Deposit &amp#27;[90m# bank/bank.feature:18&amp#27;[0m
  &amp#27;[32mGiven &amp#27;[0m&amp#27;[32mmy checking account has a balance of $&amp#27;[0m&amp#27;[32m&amp#27;[1m500&amp#27;[0m        &amp#27;[90m# bank.StepDefinitions.myCheckingAccountHasABalanceOf$(int)&amp#27;[0m
  &amp#27;[32mAnd &amp#27;[0m&amp#27;[32mI have recently made a deposit of $&amp#27;[0m&amp#27;[32m&amp#27;[1m100&amp#27;[0m             &amp#27;[90m# bank.StepDefinitions.iHaveRecentlyMadeADepositOf$(int)&amp#27;[0m
  &amp#27;[32mWhen &amp#27;[0m&amp#27;[32mI check my account balance&amp#27;[0m                        &amp#27;[90m# bank.StepDefinitions.iCheckMyAccountBalance()&amp#27;[0m
  &amp#27;[32mThen &amp#27;[0m&amp#27;[32mI should see $&amp#27;[0m&amp#27;[32m&amp#27;[1m600&amp#27;[0m&amp#27;[32m as the balance&amp#27;[0m                  &amp#27;[90m# bank.StepDefinitions.iShouldSee$AsTheBalance(int)&amp#27;[0m
  &amp#27;[32mBut &amp#27;[0m&amp#27;[32mthere is an overdraft fee of $&amp#27;[0m&amp#27;[32m&amp#27;[1m50&amp#27;[0m                   &amp#27;[90m# bank.StepDefinitions.thereIsAnOverdraftFeeOf$(int)&amp#27;[0m
  &amp#27;[32mAnd &amp#27;[0m&amp#27;[32mthe available balance should be $&amp#27;[0m&amp#27;[32m&amp#27;[1m550&amp#27;[0m               &amp#27;[90m# bank.StepDefinitions.theAvailableBalanceShouldBe$(int)&amp#27;[0m
]]></system-out>
  </testcase>
  <testcase name="Example #2.1" classname="Examples" time="0.029">
    <system-out><![CDATA[
@balance_check @deposit @example @ex2
Scenario Outline: Checking Account Balance after Deposit &amp#27;[90m# bank/bank.feature:23&amp#27;[0m
  &amp#27;[32mGiven &amp#27;[0m&amp#27;[32mmy checking account has a balance of $&amp#27;[0m&amp#27;[32m&amp#27;[1m500&amp#27;[0m        &amp#27;[90m# bank.StepDefinitions.myCheckingAccountHasABalanceOf$(int)&amp#27;[0m
  &amp#27;[32mAnd &amp#27;[0m&amp#27;[32mI have recently made a deposit of $&amp#27;[0m&amp#27;[32m&amp#27;[1m100&amp#27;[0m             &amp#27;[90m# bank.StepDefinitions.iHaveRecentlyMadeADepositOf$(int)&amp#27;[0m
  &amp#27;[32mWhen &amp#27;[0m&amp#27;[32mI check my account balance&amp#27;[0m                        &amp#27;[90m# bank.StepDefinitions.iCheckMyAccountBalance()&amp#27;[0m
  &amp#27;[32mThen &amp#27;[0m&amp#27;[32mI should see $&amp#27;[0m&amp#27;[32m&amp#27;[1m600&amp#27;[0m&amp#27;[32m as the balance&amp#27;[0m                  &amp#27;[90m# bank.StepDefinitions.iShouldSee$AsTheBalance(int)&amp#27;[0m
  &amp#27;[32mBut &amp#27;[0m&amp#27;[32mthere is an overdraft fee of $&amp#27;[0m&amp#27;[32m&amp#27;[1m50&amp#27;[0m                   &amp#27;[90m# bank.StepDefinitions.thereIsAnOverdraftFeeOf$(int)&amp#27;[0m
  &amp#27;[32mAnd &amp#27;[0m&amp#27;[32mthe available balance should be $&amp#27;[0m&amp#27;[32m&amp#27;[1m550&amp#27;[0m               &amp#27;[90m# bank.StepDefinitions.theAvailableBalanceShouldBe$(int)&amp#27;[0m
]]></system-out>
  </testcase>
  <testcase name="Example #2.2" classname="Examples" time="0.02">
    <system-out><![CDATA[
@balance_check @deposit @example @ex2
Scenario Outline: Checking Account Balance after Deposit &amp#27;[90m# bank/bank.feature:24&amp#27;[0m
  &amp#27;[32mGiven &amp#27;[0m&amp#27;[32mmy checking account has a balance of $&amp#27;[0m&amp#27;[32m&amp#27;[1m5000&amp#27;[0m       &amp#27;[90m# bank.StepDefinitions.myCheckingAccountHasABalanceOf$(int)&amp#27;[0m
  &amp#27;[32mAnd &amp#27;[0m&amp#27;[32mI have recently made a deposit of $&amp#27;[0m&amp#27;[32m&amp#27;[1m1000&amp#27;[0m            &amp#27;[90m# bank.StepDefinitions.iHaveRecentlyMadeADepositOf$(int)&amp#27;[0m
  &amp#27;[32mWhen &amp#27;[0m&amp#27;[32mI check my account balance&amp#27;[0m                        &amp#27;[90m# bank.StepDefinitions.iCheckMyAccountBalance()&amp#27;[0m
  &amp#27;[32mThen &amp#27;[0m&amp#27;[32mI should see $&amp#27;[0m&amp#27;[32m&amp#27;[1m6000&amp#27;[0m&amp#27;[32m as the balance&amp#27;[0m                 &amp#27;[90m# bank.StepDefinitions.iShouldSee$AsTheBalance(int)&amp#27;[0m
  &amp#27;[32mBut &amp#27;[0m&amp#27;[32mthere is an overdraft fee of $&amp#27;[0m&amp#27;[32m&amp#27;[1m500&amp#27;[0m                  &amp#27;[90m# bank.StepDefinitions.thereIsAnOverdraftFeeOf$(int)&amp#27;[0m
  &amp#27;[32mAnd &amp#27;[0m&amp#27;[32mthe available balance should be $&amp#27;[0m&amp#27;[32m&amp#27;[1m5500&amp#27;[0m              &amp#27;[90m# bank.StepDefinitions.theAvailableBalanceShouldBe$(int)&amp#27;[0m
]]></system-out>
  </testcase>
  <testcase name="Example #2.3" classname="Examples" time="0.026">
    <system-out><![CDATA[
@balance_check @deposit @example @ex2
Scenario Outline: Checking Account Balance after Deposit &amp#27;[90m# bank/bank.feature:25&amp#27;[0m
  &amp#27;[32mGiven &amp#27;[0m&amp#27;[32mmy checking account has a balance of $&amp#27;[0m&amp#27;[32m&amp#27;[1m500&amp#27;[0m        &amp#27;[90m# bank.StepDefinitions.myCheckingAccountHasABalanceOf$(int)&amp#27;[0m
  &amp#27;[32mAnd &amp#27;[0m&amp#27;[32mI have recently made a deposit of $&amp#27;[0m&amp#27;[32m&amp#27;[1m100&amp#27;[0m             &amp#27;[90m# bank.StepDefinitions.iHaveRecentlyMadeADepositOf$(int)&amp#27;[0m
  &amp#27;[32mWhen &amp#27;[0m&amp#27;[32mI check my account balance&amp#27;[0m                        &amp#27;[90m# bank.StepDefinitions.iCheckMyAccountBalance()&amp#27;[0m
  &amp#27;[32mThen &amp#27;[0m&amp#27;[32mI should see $&amp#27;[0m&amp#27;[32m&amp#27;[1m600&amp#27;[0m&amp#27;[32m as the balance&amp#27;[0m                  &amp#27;[90m# bank.StepDefinitions.iShouldSee$AsTheBalance(int)&amp#27;[0m
  &amp#27;[32mBut &amp#27;[0m&amp#27;[32mthere is an overdraft fee of $&amp#27;[0m&amp#27;[32m&amp#27;[1m50&amp#27;[0m                   &amp#27;[90m# bank.StepDefinitions.thereIsAnOverdraftFeeOf$(int)&amp#27;[0m
  &amp#27;[32mAnd &amp#27;[0m&amp#27;[32mthe available balance should be $&amp#27;[0m&amp#27;[32m&amp#27;[1m550&amp#27;[0m               &amp#27;[90m# bank.StepDefinitions.theAvailableBalanceShouldBe$(int)&amp#27;[0m
]]></system-out>
  </testcase>
  <testcase name="Example #2.4" classname="Examples" time="0.023">
    <system-out><![CDATA[
@balance_check @deposit @example @ex2
Scenario Outline: Checking Account Balance after Deposit &amp#27;[90m# bank/bank.feature:26&amp#27;[0m
  &amp#27;[32mGiven &amp#27;[0m&amp#27;[32mmy checking account has a balance of $&amp#27;[0m&amp#27;[32m&amp#27;[1m500&amp#27;[0m        &amp#27;[90m# bank.StepDefinitions.myCheckingAccountHasABalanceOf$(int)&amp#27;[0m
  &amp#27;[32mAnd &amp#27;[0m&amp#27;[32mI have recently made a deposit of $&amp#27;[0m&amp#27;[32m&amp#27;[1m100&amp#27;[0m             &amp#27;[90m# bank.StepDefinitions.iHaveRecentlyMadeADepositOf$(int)&amp#27;[0m
  &amp#27;[32mWhen &amp#27;[0m&amp#27;[32mI check my account balance&amp#27;[0m                        &amp#27;[90m# bank.StepDefinitions.iCheckMyAccountBalance()&amp#27;[0m
  &amp#27;[32mThen &amp#27;[0m&amp#27;[32mI should see $&amp#27;[0m&amp#27;[32m&amp#27;[1m600&amp#27;[0m&amp#27;[32m as the balance&amp#27;[0m                  &amp#27;[90m# bank.StepDefinitions.iShouldSee$AsTheBalance(int)&amp#27;[0m
  &amp#27;[32mBut &amp#27;[0m&amp#27;[32mthere is an overdraft fee of $&amp#27;[0m&amp#27;[32m&amp#27;[1m50&amp#27;[0m                   &amp#27;[90m# bank.StepDefinitions.thereIsAnOverdraftFeeOf$(int)&amp#27;[0m
  &amp#27;[32mAnd &amp#27;[0m&amp#27;[32mthe available balance should be $&amp#27;[0m&amp#27;[32m&amp#27;[1m550&amp#27;[0m               &amp#27;[90m# bank.StepDefinitions.theAvailableBalanceShouldBe$(int)&amp#27;[0m
]]></system-out>
  </testcase>
  <testcase name="Checking Account Balance after Deposit CSV" classname="Bank Check Balance Special" time="0.024">
    <system-out><![CDATA[
@balance_check @csv
Scenario: Checking Account Balance after Deposit CSV                                                                                             &amp#27;[90m# bank/bank.feature:29&amp#27;[0m
  &amp#27;[32mGiven &amp#27;[0m&amp#27;[32mI have the following account details from CSV file &amp#27;[0m&amp#27;[32m&amp#27;[1m"C:\Users\617404611\OneDrive - BT Plc\Desktop\My Learnings\Gherkin\bank\testData.csv"&amp#27;[0m &amp#27;[90m# bank.StepDefinitions.iHaveTheFollowingAccountDetailsFromCSVFile(java.lang.String)&amp#27;[0m
]]></system-out>
  </testcase>
  <testcase name="Checking Account Balance after Withdrawal" classname="Bank Check Balance Special" time="0.004">
    <system-out><![CDATA[
@balance_check @withdrawal
Scenario: Checking Account Balance after Withdrawal &amp#27;[90m# bank/bank.feature:33&amp#27;[0m
  &amp#27;[32mGiven &amp#27;[0m&amp#27;[32mmy checking account has a balance of $&amp#27;[0m&amp#27;[32m&amp#27;[1m500&amp#27;[0m   &amp#27;[90m# bank.StepDefinitions.myCheckingAccountHasABalanceOf$(int)&amp#27;[0m
  &amp#27;[32mAnd &amp#27;[0m&amp#27;[32mI have recently made a withdrawal of $&amp#27;[0m&amp#27;[32m&amp#27;[1m100&amp#27;[0m     &amp#27;[90m# bank.StepDefinitions.iHaveRecentlyMadeAWithdrawalOf$(int)&amp#27;[0m
  &amp#27;[32mWhen &amp#27;[0m&amp#27;[32mI check my account balance&amp#27;[0m                   &amp#27;[90m# bank.StepDefinitions.iCheckMyAccountBalance()&amp#27;[0m
  &amp#27;[32mThen &amp#27;[0m&amp#27;[32mI should see $&amp#27;[0m&amp#27;[32m&amp#27;[1m400&amp#27;[0m&amp#27;[32m as the balance&amp#27;[0m             &amp#27;[90m# bank.StepDefinitions.iShouldSee$AsTheBalance(int)&amp#27;[0m
  &amp#27;[32mBut &amp#27;[0m&amp#27;[32mthere is a credit interest of $&amp#27;[0m&amp#27;[32m&amp#27;[1m50&amp#27;[0m             &amp#27;[90m# bank.StepDefinitions.thereIsACreditInterestOf$(int)&amp#27;[0m
  &amp#27;[32mAnd &amp#27;[0m&amp#27;[32mthe available balance should be $&amp#27;[0m&amp#27;[32m&amp#27;[1m450&amp#27;[0m          &amp#27;[90m# bank.StepDefinitions.theAvailableBalanceShouldBe$(int)&amp#27;[0m
]]></system-out>
  </testcase>
  <testcase name="Checking Account Balance after Withdrawal In-Sufficient Balance" classname="Bank Check Balance Special" time="0.02">
    <system-out><![CDATA[
@balance_check
Scenario: Checking Account Balance after Withdrawal In-Sufficient Balance &amp#27;[90m# bank/bank.feature:41&amp#27;[0m
  &amp#27;[32mGiven &amp#27;[0m&amp#27;[32mmy checking account has a balance of $&amp#27;[0m&amp#27;[32m&amp#27;[1m500&amp#27;[0m                         &amp#27;[90m# bank.StepDefinitions.myCheckingAccountHasABalanceOf$(int)&amp#27;[0m
  &amp#27;[32mWhen &amp#27;[0m&amp#27;[32mI request to withdraw $&amp#27;[0m&amp#27;[32m&amp#27;[1m700&amp#27;[0m                                         &amp#27;[90m# bank.StepDefinitions.iRequestToWithdraw$(int)&amp#27;[0m
>> Error: Withdrawal not allowed due to insufficient funds. <<
  &amp#27;[32mThen &amp#27;[0m&amp#27;[32mI should see an Error&amp#27;[0m                                              &amp#27;[90m# bank.StepDefinitions.iShouldSeeAnError()&amp#27;[0m
  &amp#27;[32mAnd &amp#27;[0m&amp#27;[32mthe available balance should be $&amp#27;[0m&amp#27;[32m&amp#27;[1m500&amp#27;[0m                                &amp#27;[90m# bank.StepDefinitions.theAvailableBalanceShouldBe$(int)&amp#27;[0m
]]></system-out>
  </testcase>
</testsuite>